0 verbose cli D:\node\node.exe D:\node\node_modules\npm\bin\npm-cli.js
1 info using npm@11.5.1
2 info using node@v24.7.0
3 silly config load:file:D:\node\node_modules\npm\npmrc
4 silly config load:file:D:\zero-to-tech\.npmrc
5 silly config load:file:C:\Users\11583\.npmrc
6 silly config load:file:C:\Users\11583\AppData\Roaming\npm\etc\npmrc
7 verbose title npm install vite
8 verbose argv "install" "--save-dev" "vite"
9 verbose logfile logs-max:10 dir:D:\zero-to-tech\npm-cache\_logs\2026-06-21T12_58_14_978Z-
10 verbose logfile D:\zero-to-tech\npm-cache\_logs\2026-06-21T12_58_14_978Z-debug-0.log
11 silly logfile done cleaning log files
12 silly packumentCache heap:2348810240 maxSize:587202560 maxEntrySize:293601280
13 silly idealTree buildDeps
14 silly fetch manifest vite@*
15 silly packumentCache full:https://registry.npmjs.org/vite cache-miss
16 http fetch GET 200 https://registry.npmjs.org/vite 18067ms (cache miss)
17 silly packumentCache full:https://registry.npmjs.org/vite set size:undefined disposed:false
18 silly fetch manifest @types/node@^20.19.0 || >=22.12.0
19 silly packumentCache full:https://registry.npmjs.org/@types%2fnode cache-miss
20 http fetch GET 200 https://registry.npmjs.org/@types%2fnode 4267ms (cache miss)
21 silly packumentCache full:https://registry.npmjs.org/@types%2fnode set size:undefined disposed:false
22 silly fetch manifest @vitejs/devtools@^0.1.18
23 silly packumentCache full:https://registry.npmjs.org/@vitejs%2fdevtools cache-miss
24 http fetch GET 200 https://registry.npmjs.org/@vitejs%2fdevtools 557ms (cache miss)
25 silly packumentCache full:https://registry.npmjs.org/@vitejs%2fdevtools set size:undefined disposed:false
26 silly fetch manifest esbuild@^0.27.0 || ^0.28.0
27 silly packumentCache full:https://registry.npmjs.org/esbuild cache-miss
28 http fetch GET 200 https://registry.npmjs.org/esbuild 1459ms (cache miss)
29 silly packumentCache full:https://registry.npmjs.org/esbuild set size:undefined disposed:false
30 silly fetch manifest jiti@>=1.21.0
31 silly packumentCache full:https://registry.npmjs.org/jiti cache-miss
32 http fetch GET 200 https://registry.npmjs.org/jiti 594ms (cache miss)
33 silly packumentCache full:https://registry.npmjs.org/jiti set size:undefined disposed:false
34 silly fetch manifest less@^4.0.0
35 silly packumentCache full:https://registry.npmjs.org/less cache-miss
36 http fetch GET 200 https://registry.npmjs.org/less 580ms (cache miss)
37 silly packumentCache full:https://registry.npmjs.org/less set size:undefined disposed:false
38 silly fetch manifest sass@^1.70.0
39 silly packumentCache full:https://registry.npmjs.org/sass cache-miss
40 http fetch GET 200 https://registry.npmjs.org/sass 1491ms (cache miss)
41 silly packumentCache full:https://registry.npmjs.org/sass set size:undefined disposed:false
42 silly fetch manifest sass-embedded@^1.70.0
43 silly packumentCache full:https://registry.npmjs.org/sass-embedded cache-miss
44 http fetch GET 200 https://registry.npmjs.org/sass-embedded 752ms (cache miss)
45 silly packumentCache full:https://registry.npmjs.org/sass-embedded set size:undefined disposed:false
46 silly fetch manifest stylus@>=0.54.8
47 silly packumentCache full:https://registry.npmjs.org/stylus cache-miss
48 http fetch GET 200 https://registry.npmjs.org/stylus 761ms (cache miss)
49 silly packumentCache full:https://registry.npmjs.org/stylus set size:undefined disposed:false
50 silly fetch manifest sugarss@^5.0.0
51 silly packumentCache full:https://registry.npmjs.org/sugarss cache-miss
52 http fetch GET 200 https://registry.npmjs.org/sugarss 504ms (cache miss)
53 silly packumentCache full:https://registry.npmjs.org/sugarss set size:undefined disposed:false
54 silly fetch manifest postcss@^8.3.3
55 silly packumentCache full:https://registry.npmjs.org/postcss cache-miss
56 http fetch GET 200 https://registry.npmjs.org/postcss 705ms (cache miss)
57 silly packumentCache full:https://registry.npmjs.org/postcss set size:undefined disposed:false
58 silly fetch manifest terser@^5.16.0
59 silly packumentCache full:https://registry.npmjs.org/terser cache-miss
60 http fetch GET 200 https://registry.npmjs.org/terser 1204ms (cache miss)
61 silly packumentCache full:https://registry.npmjs.org/terser set size:undefined disposed:false
62 silly fetch manifest tsx@^4.8.1
63 silly packumentCache full:https://registry.npmjs.org/tsx cache-miss
64 http fetch GET 200 https://registry.npmjs.org/tsx 1147ms (cache miss)
65 silly packumentCache full:https://registry.npmjs.org/tsx set size:undefined disposed:false
66 silly fetch manifest yaml@^2.4.2
67 silly packumentCache full:https://registry.npmjs.org/yaml cache-miss
68 http fetch GET 200 https://registry.npmjs.org/yaml 566ms (cache miss)
69 silly packumentCache full:https://registry.npmjs.org/yaml set size:undefined disposed:false
70 silly placeDep ROOT vite@8.0.16 OK for: zero-to-tech@1.0.0 want: *
71 silly fetch manifest postcss@^8.5.15
72 silly packumentCache full:https://registry.npmjs.org/postcss cache-miss
73 silly fetch manifest rolldown@1.0.3
74 silly packumentCache full:https://registry.npmjs.org/rolldown cache-miss
75 silly fetch manifest picomatch@^4.0.4
76 silly packumentCache full:https://registry.npmjs.org/picomatch cache-miss
77 silly fetch manifest tinyglobby@^0.2.17
78 silly packumentCache full:https://registry.npmjs.org/tinyglobby cache-miss
79 silly fetch manifest lightningcss@^1.32.0
80 silly packumentCache full:https://registry.npmjs.org/lightningcss cache-miss
81 silly fetch manifest fsevents@~2.3.3
82 silly packumentCache full:https://registry.npmjs.org/fsevents cache-miss
83 http cache https://registry.npmjs.org/postcss 57ms (cache hit)
84 silly packumentCache full:https://registry.npmjs.org/postcss set size:723316 disposed:false
85 http fetch GET 200 https://registry.npmjs.org/lightningcss 1121ms (cache miss)
86 silly packumentCache full:https://registry.npmjs.org/lightningcss set size:undefined disposed:false
87 http fetch GET 200 https://registry.npmjs.org/picomatch 1126ms (cache miss)
88 silly packumentCache full:https://registry.npmjs.org/picomatch set size:undefined disposed:false
89 http fetch GET 200 https://registry.npmjs.org/rolldown 1156ms (cache miss)
90 silly packumentCache full:https://registry.npmjs.org/rolldown set size:undefined disposed:false
91 http fetch GET 200 https://registry.npmjs.org/fsevents 1244ms (cache miss)
92 silly packumentCache full:https://registry.npmjs.org/fsevents set size:undefined disposed:false
93 http fetch GET 200 https://registry.npmjs.org/tinyglobby 1518ms (cache miss)
94 silly packumentCache full:https://registry.npmjs.org/tinyglobby set size:undefined disposed:false
95 silly placeDep ROOT fsevents@2.3.3 OK for: vite@8.0.16 want: ~2.3.3
96 silly placeDep ROOT lightningcss@1.32.0 OK for: vite@8.0.16 want: ^1.32.0
97 silly placeDep ROOT picomatch@4.0.4 OK for: vite@8.0.16 want: ^4.0.4
98 silly placeDep ROOT postcss@8.5.15 OK for: vite@8.0.16 want: ^8.5.15
99 silly placeDep ROOT rolldown@1.0.3 OK for: vite@8.0.16 want: 1.0.3
100 silly placeDep ROOT tinyglobby@0.2.17 OK for: vite@8.0.16 want: ^0.2.17
101 silly fetch manifest detect-libc@^2.0.3
102 silly packumentCache full:https://registry.npmjs.org/detect-libc cache-miss
103 silly fetch manifest lightningcss-darwin-x64@1.32.0
104 silly packumentCache full:https://registry.npmjs.org/lightningcss-darwin-x64 cache-miss
105 silly fetch manifest lightningcss-linux-x64-gnu@1.32.0
106 silly packumentCache full:https://registry.npmjs.org/lightningcss-linux-x64-gnu cache-miss
107 silly fetch manifest lightningcss-win32-x64-msvc@1.32.0
108 silly packumentCache full:https://registry.npmjs.org/lightningcss-win32-x64-msvc cache-miss
109 silly fetch manifest lightningcss-win32-arm64-msvc@1.32.0
110 silly packumentCache full:https://registry.npmjs.org/lightningcss-win32-arm64-msvc cache-miss
111 silly fetch manifest lightningcss-darwin-arm64@1.32.0
112 silly packumentCache full:https://registry.npmjs.org/lightningcss-darwin-arm64 cache-miss
113 silly fetch manifest lightningcss-linux-arm64-gnu@1.32.0
114 silly packumentCache full:https://registry.npmjs.org/lightningcss-linux-arm64-gnu cache-miss
115 http fetch GET 200 https://registry.npmjs.org/lightningcss-darwin-x64 258ms (cache miss)
116 silly packumentCache full:https://registry.npmjs.org/lightningcss-darwin-x64 set size:undefined disposed:false
117 silly fetch manifest lightningcss-linux-arm-gnueabihf@1.32.0
118 silly packumentCache full:https://registry.npmjs.org/lightningcss-linux-arm-gnueabihf cache-miss
119 http fetch GET 200 https://registry.npmjs.org/lightningcss-linux-x64-gnu 269ms (cache miss)
120 silly packumentCache full:https://registry.npmjs.org/lightningcss-linux-x64-gnu set size:undefined disposed:false
121 silly fetch manifest lightningcss-linux-arm64-musl@1.32.0
122 silly packumentCache full:https://registry.npmjs.org/lightningcss-linux-arm64-musl cache-miss
123 http fetch GET 200 https://registry.npmjs.org/detect-libc 458ms (cache miss)
124 silly packumentCache full:https://registry.npmjs.org/detect-libc set size:undefined disposed:false
125 silly fetch manifest lightningcss-linux-x64-musl@1.32.0
126 silly packumentCache full:https://registry.npmjs.org/lightningcss-linux-x64-musl cache-miss
127 http fetch GET 200 https://registry.npmjs.org/lightningcss-win32-arm64-msvc 478ms (cache miss)
128 silly packumentCache full:https://registry.npmjs.org/lightningcss-win32-arm64-msvc set size:undefined disposed:false
129 silly fetch manifest lightningcss-freebsd-x64@1.32.0
130 silly packumentCache full:https://registry.npmjs.org/lightningcss-freebsd-x64 cache-miss
131 http fetch GET 200 https://registry.npmjs.org/lightningcss-win32-x64-msvc 503ms (cache miss)
132 silly packumentCache full:https://registry.npmjs.org/lightningcss-win32-x64-msvc set size:undefined disposed:false
133 silly fetch manifest lightningcss-android-arm64@1.32.0
134 silly packumentCache full:https://registry.npmjs.org/lightningcss-android-arm64 cache-miss
135 http fetch GET 200 https://registry.npmjs.org/lightningcss-android-arm64 250ms (cache miss)
136 silly packumentCache full:https://registry.npmjs.org/lightningcss-android-arm64 set size:undefined disposed:false
137 silly fetch manifest nanoid@^3.3.12
138 silly packumentCache full:https://registry.npmjs.org/nanoid cache-miss
139 http fetch GET 200 https://registry.npmjs.org/lightningcss-linux-arm-gnueabihf 526ms (cache miss)
140 silly packumentCache full:https://registry.npmjs.org/lightningcss-linux-arm-gnueabihf set size:undefined disposed:false
141 silly fetch manifest picocolors@^1.1.1
142 silly packumentCache full:https://registry.npmjs.org/picocolors cache-miss
143 http fetch GET 200 https://registry.npmjs.org/lightningcss-linux-arm64-musl 531ms (cache miss)
144 silly packumentCache full:https://registry.npmjs.org/lightningcss-linux-arm64-musl set size:undefined disposed:false
145 silly fetch manifest source-map-js@^1.2.1
146 silly packumentCache full:https://registry.npmjs.org/source-map-js cache-miss
147 http fetch GET 200 https://registry.npmjs.org/lightningcss-freebsd-x64 489ms (cache miss)
148 silly packumentCache full:https://registry.npmjs.org/lightningcss-freebsd-x64 set size:undefined disposed:false
149 silly fetch manifest @oxc-project/types@=0.133.0
150 silly packumentCache full:https://registry.npmjs.org/@oxc-project%2ftypes cache-miss
151 http fetch GET 200 https://registry.npmjs.org/lightningcss-linux-x64-musl 516ms (cache miss)
152 silly packumentCache full:https://registry.npmjs.org/lightningcss-linux-x64-musl set size:undefined disposed:false
153 silly fetch manifest @rolldown/pluginutils@^1.0.0
154 silly packumentCache full:https://registry.npmjs.org/@rolldown%2fpluginutils cache-miss
155 http fetch GET 200 https://registry.npmjs.org/picocolors 254ms (cache miss)
156 silly packumentCache full:https://registry.npmjs.org/picocolors set size:undefined disposed:false
157 silly fetch manifest @rolldown/binding-darwin-x64@1.0.3
158 silly packumentCache full:https://registry.npmjs.org/@rolldown%2fbinding-darwin-x64 cache-miss
159 http fetch GET 200 https://registry.npmjs.org/lightningcss-darwin-arm64 1052ms (cache miss)
160 silly packumentCache full:https://registry.npmjs.org/lightningcss-darwin-arm64 set size:undefined disposed:false
161 silly fetch manifest @rolldown/binding-freebsd-x64@1.0.3
162 silly packumentCache full:https://registry.npmjs.org/@rolldown%2fbinding-freebsd-x64 cache-miss
163 http fetch GET 200 https://registry.npmjs.org/source-map-js 270ms (cache miss)
164 silly packumentCache full:https://registry.npmjs.org/source-map-js set size:undefined disposed:false
165 silly fetch manifest @rolldown/binding-wasm32-wasi@1.0.3
166 silly packumentCache full:https://registry.npmjs.org/@rolldown%2fbinding-wasm32-wasi cache-miss
167 http fetch GET 200 https://registry.npmjs.org/lightningcss-linux-arm64-gnu 1357ms (cache miss)
168 silly packumentCache full:https://registry.npmjs.org/lightningcss-linux-arm64-gnu set size:undefined disposed:false
169 silly fetch manifest @rolldown/binding-darwin-arm64@1.0.3
170 silly packumentCache full:https://registry.npmjs.org/@rolldown%2fbinding-darwin-arm64 cache-miss
171 http fetch GET 200 https://registry.npmjs.org/nanoid 641ms (cache miss)
172 silly packumentCache full:https://registry.npmjs.org/nanoid set size:undefined disposed:false
173 silly fetch manifest @rolldown/binding-android-arm64@1.0.3
174 silly packumentCache full:https://registry.npmjs.org/@rolldown%2fbinding-android-arm64 cache-miss
175 http fetch GET 200 https://registry.npmjs.org/@rolldown%2fpluginutils 719ms (cache miss)
176 silly packumentCache full:https://registry.npmjs.org/@rolldown%2fpluginutils set size:undefined disposed:false
177 silly fetch manifest @rolldown/binding-linux-x64-gnu@1.0.3
178 silly packumentCache full:https://registry.npmjs.org/@rolldown%2fbinding-linux-x64-gnu cache-miss
179 http fetch GET 200 https://registry.npmjs.org/@rolldown%2fbinding-freebsd-x64 752ms (cache miss)
180 silly packumentCache full:https://registry.npmjs.org/@rolldown%2fbinding-freebsd-x64 set size:undefined disposed:false
181 silly fetch manifest @rolldown/binding-linux-x64-musl@1.0.3
182 silly packumentCache full:https://registry.npmjs.org/@rolldown%2fbinding-linux-x64-musl cache-miss
183 http fetch GET 200 https://registry.npmjs.org/@rolldown%2fbinding-android-arm64 523ms (cache miss)
184 silly packumentCache full:https://registry.npmjs.org/@rolldown%2fbinding-android-arm64 set size:undefined disposed:false
185 silly fetch manifest @rolldown/binding-win32-x64-msvc@1.0.3
186 silly packumentCache full:https://registry.npmjs.org/@rolldown%2fbinding-win32-x64-msvc cache-miss
187 http fetch GET 200 https://registry.npmjs.org/@oxc-project%2ftypes 1132ms (cache miss)
188 silly packumentCache full:https://registry.npmjs.org/@oxc-project%2ftypes set size:undefined disposed:false
189 silly fetch manifest @rolldown/binding-linux-arm64-gnu@1.0.3
190 silly packumentCache full:https://registry.npmjs.org/@rolldown%2fbinding-linux-arm64-gnu cache-miss
191 http fetch GET 200 https://registry.npmjs.org/@rolldown%2fbinding-wasm32-wasi 1428ms (cache miss)
192 silly packumentCache full:https://registry.npmjs.org/@rolldown%2fbinding-wasm32-wasi set size:undefined disposed:false
193 silly fetch manifest @rolldown/binding-linux-ppc64-gnu@1.0.3
194 silly packumentCache full:https://registry.npmjs.org/@rolldown%2fbinding-linux-ppc64-gnu cache-miss
195 http fetch GET 200 https://registry.npmjs.org/@rolldown%2fbinding-linux-x64-musl 855ms (cache miss)
196 silly packumentCache full:https://registry.npmjs.org/@rolldown%2fbinding-linux-x64-musl set size:undefined disposed:false
197 silly fetch manifest @rolldown/binding-linux-s390x-gnu@1.0.3
198 silly packumentCache full:https://registry.npmjs.org/@rolldown%2fbinding-linux-s390x-gnu cache-miss
199 http fetch GET 200 https://registry.npmjs.org/@rolldown%2fbinding-linux-x64-gnu 1075ms (cache miss)
200 silly packumentCache full:https://registry.npmjs.org/@rolldown%2fbinding-linux-x64-gnu set size:undefined disposed:false
201 silly fetch manifest @rolldown/binding-linux-arm64-musl@1.0.3
202 silly packumentCache full:https://registry.npmjs.org/@rolldown%2fbinding-linux-arm64-musl cache-miss
203 http fetch GET 200 https://registry.npmjs.org/@rolldown%2fbinding-linux-ppc64-gnu 323ms (cache miss)
204 silly packumentCache full:https://registry.npmjs.org/@rolldown%2fbinding-linux-ppc64-gnu set size:undefined disposed:false
205 silly fetch manifest @rolldown/binding-win32-arm64-msvc@1.0.3
206 silly packumentCache full:https://registry.npmjs.org/@rolldown%2fbinding-win32-arm64-msvc cache-miss
207 http fetch GET 200 https://registry.npmjs.org/@rolldown%2fbinding-linux-s390x-gnu 250ms (cache miss)
208 silly packumentCache full:https://registry.npmjs.org/@rolldown%2fbinding-linux-s390x-gnu set size:undefined disposed:false
209 silly fetch manifest @rolldown/binding-openharmony-arm64@1.0.3
210 silly packumentCache full:https://registry.npmjs.org/@rolldown%2fbinding-openharmony-arm64 cache-miss
211 http fetch GET 200 https://registry.npmjs.org/@rolldown%2fbinding-darwin-x64 2212ms (cache miss)
212 silly packumentCache full:https://registry.npmjs.org/@rolldown%2fbinding-darwin-x64 set size:undefined disposed:false
213 silly fetch manifest @rolldown/binding-linux-arm-gnueabihf@1.0.3
214 silly packumentCache full:https://registry.npmjs.org/@rolldown%2fbinding-linux-arm-gnueabihf cache-miss
215 http fetch GET 200 https://registry.npmjs.org/@rolldown%2fbinding-darwin-arm64 1927ms (cache miss)
216 silly packumentCache full:https://registry.npmjs.org/@rolldown%2fbinding-darwin-arm64 set size:undefined disposed:false
217 silly fetch manifest fdir@^6.5.0
218 silly packumentCache full:https://registry.npmjs.org/fdir cache-miss
219 http fetch GET 200 https://registry.npmjs.org/@rolldown%2fbinding-win32-x64-msvc 1456ms (cache miss)
220 silly packumentCache full:https://registry.npmjs.org/@rolldown%2fbinding-win32-x64-msvc set size:undefined disposed:false
221 http fetch GET 200 https://registry.npmjs.org/@rolldown%2fbinding-openharmony-arm64 547ms (cache miss)
222 silly packumentCache full:https://registry.npmjs.org/@rolldown%2fbinding-openharmony-arm64 set size:undefined disposed:false
223 http fetch GET 200 https://registry.npmjs.org/@rolldown%2fbinding-linux-arm64-gnu 1810ms (cache miss)
224 silly packumentCache full:https://registry.npmjs.org/@rolldown%2fbinding-linux-arm64-gnu set size:undefined disposed:false
225 http fetch GET 200 https://registry.npmjs.org/fdir 678ms (cache miss)
226 silly packumentCache full:https://registry.npmjs.org/fdir set size:undefined disposed:false
227 http fetch GET 200 https://registry.npmjs.org/@rolldown%2fbinding-linux-arm-gnueabihf 989ms (cache miss)
228 silly packumentCache full:https://registry.npmjs.org/@rolldown%2fbinding-linux-arm-gnueabihf set size:undefined disposed:false
229 http fetch GET 200 https://registry.npmjs.org/@rolldown%2fbinding-win32-arm64-msvc 1573ms (cache miss)
230 silly packumentCache full:https://registry.npmjs.org/@rolldown%2fbinding-win32-arm64-msvc set size:undefined disposed:false
231 http fetch GET 200 https://registry.npmjs.org/@rolldown%2fbinding-linux-arm64-musl 1774ms (cache miss)
232 silly packumentCache full:https://registry.npmjs.org/@rolldown%2fbinding-linux-arm64-musl set size:undefined disposed:false
233 silly placeDep ROOT detect-libc@2.1.2 OK for: lightningcss@1.32.0 want: ^2.0.3
234 silly placeDep ROOT lightningcss-android-arm64@1.32.0 OK for: lightningcss@1.32.0 want: 1.32.0
235 silly placeDep ROOT lightningcss-darwin-arm64@1.32.0 OK for: lightningcss@1.32.0 want: 1.32.0
236 silly placeDep ROOT lightningcss-darwin-x64@1.32.0 OK for: lightningcss@1.32.0 want: 1.32.0
237 silly placeDep ROOT lightningcss-freebsd-x64@1.32.0 OK for: lightningcss@1.32.0 want: 1.32.0
238 silly placeDep ROOT lightningcss-linux-arm-gnueabihf@1.32.0 OK for: lightningcss@1.32.0 want: 1.32.0
239 silly placeDep ROOT lightningcss-linux-arm64-gnu@1.32.0 OK for: lightningcss@1.32.0 want: 1.32.0
240 silly placeDep ROOT lightningcss-linux-arm64-musl@1.32.0 OK for: lightningcss@1.32.0 want: 1.32.0
241 silly placeDep ROOT lightningcss-linux-x64-gnu@1.32.0 OK for: lightningcss@1.32.0 want: 1.32.0
242 silly placeDep ROOT lightningcss-linux-x64-musl@1.32.0 OK for: lightningcss@1.32.0 want: 1.32.0
243 silly placeDep ROOT lightningcss-win32-arm64-msvc@1.32.0 OK for: lightningcss@1.32.0 want: 1.32.0
244 silly placeDep ROOT lightningcss-win32-x64-msvc@1.32.0 OK for: lightningcss@1.32.0 want: 1.32.0
245 silly placeDep ROOT nanoid@3.3.14 OK for: postcss@8.5.15 want: ^3.3.12
246 silly placeDep ROOT picocolors@1.1.1 OK for: postcss@8.5.15 want: ^1.1.1
247 silly placeDep ROOT source-map-js@1.2.1 OK for: postcss@8.5.15 want: ^1.2.1
248 silly placeDep ROOT @oxc-project/types@0.133.0 OK for: rolldown@1.0.3 want: =0.133.0
249 silly placeDep ROOT @rolldown/binding-android-arm64@1.0.3 OK for: rolldown@1.0.3 want: 1.0.3
250 silly placeDep ROOT @rolldown/binding-darwin-arm64@1.0.3 OK for: rolldown@1.0.3 want: 1.0.3
251 silly placeDep ROOT @rolldown/binding-darwin-x64@1.0.3 OK for: rolldown@1.0.3 want: 1.0.3
252 silly placeDep ROOT @rolldown/binding-freebsd-x64@1.0.3 OK for: rolldown@1.0.3 want: 1.0.3
253 silly placeDep ROOT @rolldown/binding-linux-arm-gnueabihf@1.0.3 OK for: rolldown@1.0.3 want: 1.0.3
254 silly placeDep ROOT @rolldown/binding-linux-arm64-gnu@1.0.3 OK for: rolldown@1.0.3 want: 1.0.3
255 silly placeDep ROOT @rolldown/binding-linux-arm64-musl@1.0.3 OK for: rolldown@1.0.3 want: 1.0.3
256 silly placeDep ROOT @rolldown/binding-linux-ppc64-gnu@1.0.3 OK for: rolldown@1.0.3 want: 1.0.3
257 silly placeDep ROOT @rolldown/binding-linux-s390x-gnu@1.0.3 OK for: rolldown@1.0.3 want: 1.0.3
258 silly placeDep ROOT @rolldown/binding-linux-x64-gnu@1.0.3 OK for: rolldown@1.0.3 want: 1.0.3
259 silly placeDep ROOT @rolldown/binding-linux-x64-musl@1.0.3 OK for: rolldown@1.0.3 want: 1.0.3
260 silly placeDep ROOT @rolldown/binding-openharmony-arm64@1.0.3 OK for: rolldown@1.0.3 want: 1.0.3
261 silly placeDep ROOT @rolldown/binding-wasm32-wasi@1.0.3 OK for: rolldown@1.0.3 want: 1.0.3
262 silly placeDep ROOT @rolldown/binding-win32-arm64-msvc@1.0.3 OK for: rolldown@1.0.3 want: 1.0.3
263 silly placeDep ROOT @rolldown/binding-win32-x64-msvc@1.0.3 OK for: rolldown@1.0.3 want: 1.0.3
264 silly placeDep ROOT @rolldown/pluginutils@1.0.1 OK for: rolldown@1.0.3 want: ^1.0.0
265 silly fetch manifest @emnapi/core@1.10.0
266 silly packumentCache full:https://registry.npmjs.org/@emnapi%2fcore cache-miss
267 silly fetch manifest @emnapi/runtime@1.10.0
268 silly packumentCache full:https://registry.npmjs.org/@emnapi%2fruntime cache-miss
269 silly fetch manifest @napi-rs/wasm-runtime@^1.1.4
270 silly packumentCache full:https://registry.npmjs.org/@napi-rs%2fwasm-runtime cache-miss
271 http fetch GET 200 https://registry.npmjs.org/@napi-rs%2fwasm-runtime 487ms (cache miss)
272 silly packumentCache full:https://registry.npmjs.org/@napi-rs%2fwasm-runtime set size:undefined disposed:false
273 http fetch GET 200 https://registry.npmjs.org/@emnapi%2fruntime 535ms (cache miss)
274 silly packumentCache full:https://registry.npmjs.org/@emnapi%2fruntime set size:undefined disposed:false
275 http fetch GET 200 https://registry.npmjs.org/@emnapi%2fcore 1190ms (cache miss)
276 silly packumentCache full:https://registry.npmjs.org/@emnapi%2fcore set size:undefined disposed:false
277 silly placeDep ROOT @emnapi/core@1.10.0 OK for: @rolldown/binding-wasm32-wasi@1.0.3 want: 1.10.0
278 silly placeDep ROOT @emnapi/runtime@1.10.0 OK for: @rolldown/binding-wasm32-wasi@1.0.3 want: 1.10.0
279 silly placeDep ROOT @napi-rs/wasm-runtime@1.1.5 OK for: @rolldown/binding-wasm32-wasi@1.0.3 want: ^1.1.4
280 silly fetch manifest tslib@^2.4.0
281 silly packumentCache full:https://registry.npmjs.org/tslib cache-miss
282 silly fetch manifest @emnapi/wasi-threads@1.2.1
283 silly packumentCache full:https://registry.npmjs.org/@emnapi%2fwasi-threads cache-miss
284 silly fetch manifest tslib@^2.4.0
285 silly packumentCache full:https://registry.npmjs.org/tslib cache-miss
286 silly fetch manifest @tybys/wasm-util@^0.10.2
287 silly packumentCache full:https://registry.npmjs.org/@tybys%2fwasm-util cache-miss
288 http fetch GET 200 https://registry.npmjs.org/@emnapi%2fwasi-threads 278ms (cache miss)
289 silly packumentCache full:https://registry.npmjs.org/@emnapi%2fwasi-threads set size:undefined disposed:false
290 http fetch GET 200 https://registry.npmjs.org/@tybys%2fwasm-util 280ms (cache miss)
291 silly packumentCache full:https://registry.npmjs.org/@tybys%2fwasm-util set size:undefined disposed:false
292 http fetch GET 200 https://registry.npmjs.org/tslib 327ms (cache miss)
293 silly packumentCache full:https://registry.npmjs.org/tslib set size:undefined disposed:false
294 http fetch GET 200 https://registry.npmjs.org/tslib 558ms (cache miss)
295 silly packumentCache full:https://registry.npmjs.org/tslib set size:undefined disposed:false
296 silly placeDep ROOT @emnapi/wasi-threads@1.2.1 OK for: @emnapi/core@1.10.0 want: 1.2.1
297 silly placeDep ROOT tslib@2.8.1 OK for: @emnapi/core@1.10.0 want: ^2.4.0
298 silly placeDep ROOT @tybys/wasm-util@0.10.2 OK for: @napi-rs/wasm-runtime@1.1.5 want: ^0.10.2
299 silly placeDep ROOT fdir@6.5.0 OK for: tinyglobby@0.2.17 want: ^6.5.0
300 silly reify moves {}
301 silly audit bulk request {
301 silly audit   vite: [ '8.0.16' ],
301 silly audit   fsevents: [ '2.3.3' ],
301 silly audit   lightningcss: [ '1.32.0' ],
301 silly audit   picomatch: [ '4.0.4' ],
301 silly audit   postcss: [ '8.5.15' ],
301 silly audit   rolldown: [ '1.0.3' ],
301 silly audit   tinyglobby: [ '0.2.17' ],
301 silly audit   'detect-libc': [ '2.1.2' ],
301 silly audit   'lightningcss-android-arm64': [ '1.32.0' ],
301 silly audit   'lightningcss-darwin-arm64': [ '1.32.0' ],
301 silly audit   'lightningcss-darwin-x64': [ '1.32.0' ],
301 silly audit   'lightningcss-freebsd-x64': [ '1.32.0' ],
301 silly audit   'lightningcss-linux-arm-gnueabihf': [ '1.32.0' ],
301 silly audit   'lightningcss-linux-arm64-gnu': [ '1.32.0' ],
301 silly audit   'lightningcss-linux-arm64-musl': [ '1.32.0' ],
301 silly audit   'lightningcss-linux-x64-gnu': [ '1.32.0' ],
301 silly audit   'lightningcss-linux-x64-musl': [ '1.32.0' ],
301 silly audit   'lightningcss-win32-arm64-msvc': [ '1.32.0' ],
301 silly audit   'lightningcss-win32-x64-msvc': [ '1.32.0' ],
301 silly audit   nanoid: [ '3.3.14' ],
301 silly audit   picocolors: [ '1.1.1' ],
301 silly audit   'source-map-js': [ '1.2.1' ],
301 silly audit   '@oxc-project/types': [ '0.133.0' ],
301 silly audit   '@rolldown/binding-android-arm64': [ '1.0.3' ],
301 silly audit   '@rolldown/binding-darwin-arm64': [ '1.0.3' ],
301 silly audit   '@rolldown/binding-darwin-x64': [ '1.0.3' ],
301 silly audit   '@rolldown/binding-freebsd-x64': [ '1.0.3' ],
301 silly audit   '@rolldown/binding-linux-arm-gnueabihf': [ '1.0.3' ],
301 silly audit   '@rolldown/binding-linux-arm64-gnu': [ '1.0.3' ],
301 silly audit   '@rolldown/binding-linux-arm64-musl': [ '1.0.3' ],
301 silly audit   '@rolldown/binding-linux-ppc64-gnu': [ '1.0.3' ],
301 silly audit   '@rolldown/binding-linux-s390x-gnu': [ '1.0.3' ],
301 silly audit   '@rolldown/binding-linux-x64-gnu': [ '1.0.3' ],
301 silly audit   '@rolldown/binding-linux-x64-musl': [ '1.0.3' ],
301 silly audit   '@rolldown/binding-openharmony-arm64': [ '1.0.3' ],
301 silly audit   '@rolldown/binding-wasm32-wasi': [ '1.0.3' ],
301 silly audit   '@rolldown/binding-win32-arm64-msvc': [ '1.0.3' ],
301 silly audit   '@rolldown/binding-win32-x64-msvc': [ '1.0.3' ],
301 silly audit   '@rolldown/pluginutils': [ '1.0.1' ],
301 silly audit   '@emnapi/core': [ '1.10.0' ],
301 silly audit   '@emnapi/runtime': [ '1.10.0' ],
301 silly audit   '@napi-rs/wasm-runtime': [ '1.1.5' ],
301 silly audit   '@emnapi/wasi-threads': [ '1.2.1' ],
301 silly audit   tslib: [ '2.8.1' ],
301 silly audit   '@tybys/wasm-util': [ '0.10.2' ],
301 silly audit   fdir: [ '6.5.0' ]
301 silly audit }
302 verbose reify failed optional dependency D:\zero-to-tech\node_modules\@rolldown\binding-win32-arm64-msvc
303 silly reify mark deleted [
303 silly reify   'D:\\zero-to-tech\\node_modules\\@rolldown\\binding-win32-arm64-msvc'
303 silly reify ]
304 verbose reify failed optional dependency D:\zero-to-tech\node_modules\@rolldown\binding-wasm32-wasi
305 silly reify mark deleted [ 'D:\\zero-to-tech\\node_modules\\@rolldown\\binding-wasm32-wasi' ]
306 verbose reify failed optional dependency D:\zero-to-tech\node_modules\@emnapi\core
307 silly reify mark deleted [ 'D:\\zero-to-tech\\node_modules\\@emnapi\\core' ]
308 verbose reify failed optional dependency D:\zero-to-tech\node_modules\@emnapi\runtime
309 silly reify mark deleted [ 'D:\\zero-to-tech\\node_modules\\@emnapi\\runtime' ]
310 verbose reify failed optional dependency D:\zero-to-tech\node_modules\@napi-rs\wasm-runtime
311 silly reify mark deleted [ 'D:\\zero-to-tech\\node_modules\\@napi-rs\\wasm-runtime' ]
312 verbose reify failed optional dependency D:\zero-to-tech\node_modules\tslib
313 silly reify mark deleted [ 'D:\\zero-to-tech\\node_modules\\tslib' ]
314 verbose reify failed optional dependency D:\zero-to-tech\node_modules\@emnapi\wasi-threads
315 silly reify mark deleted [ 'D:\\zero-to-tech\\node_modules\\@emnapi\\wasi-threads' ]
316 verbose reify failed optional dependency D:\zero-to-tech\node_modules\@tybys\wasm-util
317 silly reify mark deleted [ 'D:\\zero-to-tech\\node_modules\\@tybys\\wasm-util' ]
318 verbose reify failed optional dependency D:\zero-to-tech\node_modules\@rolldown\binding-openharmony-arm64
319 silly reify mark deleted [
319 silly reify   'D:\\zero-to-tech\\node_modules\\@rolldown\\binding-openharmony-arm64'
319 silly reify ]
320 verbose reify failed optional dependency D:\zero-to-tech\node_modules\@rolldown\binding-linux-x64-musl
321 silly reify mark deleted [ 'D:\\zero-to-tech\\node_modules\\@rolldown\\binding-linux-x64-musl' ]
322 verbose reify failed optional dependency D:\zero-to-tech\node_modules\@rolldown\binding-linux-x64-gnu
323 silly reify mark deleted [ 'D:\\zero-to-tech\\node_modules\\@rolldown\\binding-linux-x64-gnu' ]
324 verbose reify failed optional dependency D:\zero-to-tech\node_modules\@rolldown\binding-linux-s390x-gnu
325 silly reify mark deleted [
325 silly reify   'D:\\zero-to-tech\\node_modules\\@rolldown\\binding-linux-s390x-gnu'
325 silly reify ]
326 verbose reify failed optional dependency D:\zero-to-tech\node_modules\@rolldown\binding-linux-ppc64-gnu
327 silly reify mark deleted [
327 silly reify   'D:\\zero-to-tech\\node_modules\\@rolldown\\binding-linux-ppc64-gnu'
327 silly reify ]
328 verbose reify failed optional dependency D:\zero-to-tech\node_modules\@rolldown\binding-linux-arm64-musl
329 silly reify mark deleted [
329 silly reify   'D:\\zero-to-tech\\node_modules\\@rolldown\\binding-linux-arm64-musl'
329 silly reify ]
330 verbose reify failed optional dependency D:\zero-to-tech\node_modules\@rolldown\binding-linux-arm64-gnu
331 silly reify mark deleted [
331 silly reify   'D:\\zero-to-tech\\node_modules\\@rolldown\\binding-linux-arm64-gnu'
331 silly reify ]
332 verbose reify failed optional dependency D:\zero-to-tech\node_modules\@rolldown\binding-linux-arm-gnueabihf
333 silly reify mark deleted [
333 silly reify   'D:\\zero-to-tech\\node_modules\\@rolldown\\binding-linux-arm-gnueabihf'
333 silly reify ]
334 verbose reify failed optional dependency D:\zero-to-tech\node_modules\@rolldown\binding-freebsd-x64
335 silly reify mark deleted [ 'D:\\zero-to-tech\\node_modules\\@rolldown\\binding-freebsd-x64' ]
336 verbose reify failed optional dependency D:\zero-to-tech\node_modules\@rolldown\binding-darwin-x64
337 silly reify mark deleted [ 'D:\\zero-to-tech\\node_modules\\@rolldown\\binding-darwin-x64' ]
338 verbose reify failed optional dependency D:\zero-to-tech\node_modules\@rolldown\binding-darwin-arm64
339 silly reify mark deleted [ 'D:\\zero-to-tech\\node_modules\\@rolldown\\binding-darwin-arm64' ]
340 verbose reify failed optional dependency D:\zero-to-tech\node_modules\@rolldown\binding-android-arm64
341 silly reify mark deleted [ 'D:\\zero-to-tech\\node_modules\\@rolldown\\binding-android-arm64' ]
342 verbose reify failed optional dependency D:\zero-to-tech\node_modules\lightningcss-win32-arm64-msvc
343 silly reify mark deleted [ 'D:\\zero-to-tech\\node_modules\\lightningcss-win32-arm64-msvc' ]
344 verbose reify failed optional dependency D:\zero-to-tech\node_modules\lightningcss-linux-x64-musl
345 silly reify mark deleted [ 'D:\\zero-to-tech\\node_modules\\lightningcss-linux-x64-musl' ]
346 verbose reify failed optional dependency D:\zero-to-tech\node_modules\lightningcss-linux-x64-gnu
347 silly reify mark deleted [ 'D:\\zero-to-tech\\node_modules\\lightningcss-linux-x64-gnu' ]
348 verbose reify failed optional dependency D:\zero-to-tech\node_modules\lightningcss-linux-arm64-musl
349 silly reify mark deleted [ 'D:\\zero-to-tech\\node_modules\\lightningcss-linux-arm64-musl' ]
350 verbose reify failed optional dependency D:\zero-to-tech\node_modules\lightningcss-linux-arm64-gnu
351 silly reify mark deleted [ 'D:\\zero-to-tech\\node_modules\\lightningcss-linux-arm64-gnu' ]
352 verbose reify failed optional dependency D:\zero-to-tech\node_modules\lightningcss-linux-arm-gnueabihf
353 silly reify mark deleted [ 'D:\\zero-to-tech\\node_modules\\lightningcss-linux-arm-gnueabihf' ]
354 verbose reify failed optional dependency D:\zero-to-tech\node_modules\lightningcss-freebsd-x64
355 silly reify mark deleted [ 'D:\\zero-to-tech\\node_modules\\lightningcss-freebsd-x64' ]
356 verbose reify failed optional dependency D:\zero-to-tech\node_modules\lightningcss-darwin-x64
357 silly reify mark deleted [ 'D:\\zero-to-tech\\node_modules\\lightningcss-darwin-x64' ]
358 verbose reify failed optional dependency D:\zero-to-tech\node_modules\lightningcss-darwin-arm64
359 silly reify mark deleted [ 'D:\\zero-to-tech\\node_modules\\lightningcss-darwin-arm64' ]
360 verbose reify failed optional dependency D:\zero-to-tech\node_modules\lightningcss-android-arm64
361 silly reify mark deleted [ 'D:\\zero-to-tech\\node_modules\\lightningcss-android-arm64' ]
362 verbose reify failed optional dependency D:\zero-to-tech\node_modules\fsevents
363 silly reify mark deleted [ 'D:\\zero-to-tech\\node_modules\\fsevents' ]
364 http cache fdir@https://registry.npmjs.org/fdir/-/fdir-6.5.0.tgz 0ms (cache hit)
365 http cache @tybys/wasm-util@https://registry.npmjs.org/@tybys/wasm-util/-/wasm-util-0.10.2.tgz 0ms (cache hit)
366 http cache tslib@https://registry.npmjs.org/tslib/-/tslib-2.8.1.tgz 0ms (cache hit)
367 http cache @napi-rs/wasm-runtime@https://registry.npmjs.org/@napi-rs/wasm-runtime/-/wasm-runtime-1.1.5.tgz 0ms (cache hit)
368 http cache @emnapi/wasi-threads@https://registry.npmjs.org/@emnapi/wasi-threads/-/wasi-threads-1.2.1.tgz 0ms (cache hit)
369 http cache @emnapi/runtime@https://registry.npmjs.org/@emnapi/runtime/-/runtime-1.10.0.tgz 0ms (cache hit)
370 http cache @emnapi/core@https://registry.npmjs.org/@emnapi/core/-/core-1.10.0.tgz 0ms (cache hit)
371 http cache @rolldown/pluginutils@https://registry.npmjs.org/@rolldown/pluginutils/-/pluginutils-1.0.1.tgz 0ms (cache hit)
372 http cache @oxc-project/types@https://registry.npmjs.org/@oxc-project/types/-/types-0.133.0.tgz 0ms (cache hit)
373 http cache source-map-js@https://registry.npmjs.org/source-map-js/-/source-map-js-1.2.1.tgz 0ms (cache hit)
374 http cache @rolldown/binding-win32-x64-msvc@https://registry.npmjs.org/@rolldown/binding-win32-x64-msvc/-/binding-win32-x64-msvc-1.0.3.tgz 0ms (cache hit)
375 http cache picocolors@https://registry.npmjs.org/picocolors/-/picocolors-1.1.1.tgz 0ms (cache hit)
376 http cache nanoid@https://registry.npmjs.org/nanoid/-/nanoid-3.3.14.tgz 0ms (cache hit)
377 http cache lightningcss-win32-x64-msvc@https://registry.npmjs.org/lightningcss-win32-x64-msvc/-/lightningcss-win32-x64-msvc-1.32.0.tgz 0ms (cache hit)
378 http cache detect-libc@https://registry.npmjs.org/detect-libc/-/detect-libc-2.1.2.tgz 0ms (cache hit)
379 http cache tinyglobby@https://registry.npmjs.org/tinyglobby/-/tinyglobby-0.2.17.tgz 0ms (cache hit)
380 http cache rolldown@https://registry.npmjs.org/rolldown/-/rolldown-1.0.3.tgz 0ms (cache hit)
381 http cache postcss@https://registry.npmjs.org/postcss/-/postcss-8.5.15.tgz 0ms (cache hit)
382 http cache vite@https://registry.npmjs.org/vite/-/vite-8.0.16.tgz 0ms (cache hit)
383 silly tarball no local data for fdir@https://registry.npmjs.org/fdir/-/fdir-6.5.0.tgz. Extracting by manifest.
384 silly tarball no local data for @tybys/wasm-util@https://registry.npmjs.org/@tybys/wasm-util/-/wasm-util-0.10.2.tgz. Extracting by manifest.
385 silly tarball no local data for tslib@https://registry.npmjs.org/tslib/-/tslib-2.8.1.tgz. Extracting by manifest.
386 silly tarball no local data for @napi-rs/wasm-runtime@https://registry.npmjs.org/@napi-rs/wasm-runtime/-/wasm-runtime-1.1.5.tgz. Extracting by manifest.
387 silly tarball no local data for @emnapi/wasi-threads@https://registry.npmjs.org/@emnapi/wasi-threads/-/wasi-threads-1.2.1.tgz. Extracting by manifest.
388 http cache lightningcss@https://registry.npmjs.org/lightningcss/-/lightningcss-1.32.0.tgz 0ms (cache hit)
389 silly tarball no local data for @emnapi/runtime@https://registry.npmjs.org/@emnapi/runtime/-/runtime-1.10.0.tgz. Extracting by manifest.
390 silly tarball no local data for @emnapi/core@https://registry.npmjs.org/@emnapi/core/-/core-1.10.0.tgz. Extracting by manifest.
391 silly tarball no local data for @rolldown/pluginutils@https://registry.npmjs.org/@rolldown/pluginutils/-/pluginutils-1.0.1.tgz. Extracting by manifest.
392 silly tarball no local data for @oxc-project/types@https://registry.npmjs.org/@oxc-project/types/-/types-0.133.0.tgz. Extracting by manifest.
393 silly tarball no local data for source-map-js@https://registry.npmjs.org/source-map-js/-/source-map-js-1.2.1.tgz. Extracting by manifest.
394 silly tarball no local data for @rolldown/binding-win32-x64-msvc@https://registry.npmjs.org/@rolldown/binding-win32-x64-msvc/-/binding-win32-x64-msvc-1.0.3.tgz. Extracting by manifest.
395 silly tarball no local data for picocolors@https://registry.npmjs.org/picocolors/-/picocolors-1.1.1.tgz. Extracting by manifest.
396 silly tarball no local data for nanoid@https://registry.npmjs.org/nanoid/-/nanoid-3.3.14.tgz. Extracting by manifest.
397 silly tarball no local data for lightningcss-win32-x64-msvc@https://registry.npmjs.org/lightningcss-win32-x64-msvc/-/lightningcss-win32-x64-msvc-1.32.0.tgz. Extracting by manifest.
398 silly tarball no local data for detect-libc@https://registry.npmjs.org/detect-libc/-/detect-libc-2.1.2.tgz. Extracting by manifest.
399 silly tarball no local data for tinyglobby@https://registry.npmjs.org/tinyglobby/-/tinyglobby-0.2.17.tgz. Extracting by manifest.
400 silly tarball no local data for rolldown@https://registry.npmjs.org/rolldown/-/rolldown-1.0.3.tgz. Extracting by manifest.
401 http cache picomatch@https://registry.npmjs.org/picomatch/-/picomatch-4.0.4.tgz 0ms (cache hit)
402 silly tarball no local data for postcss@https://registry.npmjs.org/postcss/-/postcss-8.5.15.tgz. Extracting by manifest.
403 silly tarball no local data for vite@https://registry.npmjs.org/vite/-/vite-8.0.16.tgz. Extracting by manifest.
404 silly tarball no local data for lightningcss@https://registry.npmjs.org/lightningcss/-/lightningcss-1.32.0.tgz. Extracting by manifest.
405 silly tarball no local data for picomatch@https://registry.npmjs.org/picomatch/-/picomatch-4.0.4.tgz. Extracting by manifest.
406 http fetch POST 200 https://registry.npmjs.org/-/npm/v1/security/advisories/bulk 536ms
407 silly audit report {}
408 http fetch GET 200 https://registry.npmjs.org/detect-libc/-/detect-libc-2.1.2.tgz 1078ms (cache miss)
409 http fetch GET 200 https://registry.npmjs.org/fdir/-/fdir-6.5.0.tgz 1135ms (cache miss)
410 http fetch GET 200 https://registry.npmjs.org/picocolors/-/picocolors-1.1.1.tgz 1220ms (cache miss)
411 http fetch GET 200 https://registry.npmjs.org/@emnapi/runtime/-/runtime-1.10.0.tgz 1254ms (cache miss)
412 http fetch GET 200 https://registry.npmjs.org/@oxc-project/types/-/types-0.133.0.tgz 1255ms (cache miss)
413 http fetch GET 200 https://registry.npmjs.org/@rolldown/pluginutils/-/pluginutils-1.0.1.tgz 1279ms (cache miss)
414 http fetch GET 200 https://registry.npmjs.org/@emnapi/wasi-threads/-/wasi-threads-1.2.1.tgz 1860ms (cache miss)
415 http fetch GET 200 https://registry.npmjs.org/tinyglobby/-/tinyglobby-0.2.17.tgz 2034ms (cache miss)
416 http fetch GET 200 https://registry.npmjs.org/picomatch/-/picomatch-4.0.4.tgz 2108ms (cache miss)
417 http fetch GET 200 https://registry.npmjs.org/tslib/-/tslib-2.8.1.tgz 2176ms (cache miss)
418 http fetch GET 200 https://registry.npmjs.org/source-map-js/-/source-map-js-1.2.1.tgz 2192ms (cache miss)
419 http fetch GET 200 https://registry.npmjs.org/nanoid/-/nanoid-3.3.14.tgz 2324ms (cache miss)
420 http fetch GET 200 https://registry.npmjs.org/lightningcss/-/lightningcss-1.32.0.tgz 2426ms (cache miss)
421 http fetch GET 200 https://registry.npmjs.org/@tybys/wasm-util/-/wasm-util-0.10.2.tgz 2739ms (cache miss)
422 http fetch GET 200 https://registry.npmjs.org/@emnapi/core/-/core-1.10.0.tgz 2731ms (cache miss)
423 http fetch GET 200 https://registry.npmjs.org/postcss/-/postcss-8.5.15.tgz 2816ms (cache miss)
424 http fetch GET 200 https://registry.npmjs.org/@napi-rs/wasm-runtime/-/wasm-runtime-1.1.5.tgz 2863ms (cache miss)
425 http fetch GET 200 https://registry.npmjs.org/rolldown/-/rolldown-1.0.3.tgz 2855ms (cache miss)
426 http fetch GET 200 https://registry.npmjs.org/vite/-/vite-8.0.16.tgz 2910ms (cache miss)
427 http fetch GET 200 https://registry.npmjs.org/lightningcss-win32-x64-msvc/-/lightningcss-win32-x64-msvc-1.32.0.tgz 8953ms (cache miss)
428 http fetch GET 200 https://registry.npmjs.org/@rolldown/binding-win32-x64-msvc/-/binding-win32-x64-msvc-1.0.3.tgz 15051ms (cache miss)
429 silly ADD node_modules/fdir
430 silly ADD node_modules/@tybys/wasm-util
431 silly ADD node_modules/tslib
432 silly ADD node_modules/@emnapi/wasi-threads
433 silly ADD node_modules/@napi-rs/wasm-runtime
434 silly ADD node_modules/@emnapi/runtime
435 silly ADD node_modules/@emnapi/core
436 silly ADD node_modules/@rolldown/pluginutils
437 silly ADD node_modules/@rolldown/binding-win32-x64-msvc
438 silly ADD node_modules/@rolldown/binding-win32-arm64-msvc
439 silly ADD node_modules/@rolldown/binding-wasm32-wasi
440 silly ADD node_modules/@rolldown/binding-openharmony-arm64
441 silly ADD node_modules/@rolldown/binding-linux-x64-musl
442 silly ADD node_modules/@rolldown/binding-linux-x64-gnu
443 silly ADD node_modules/@rolldown/binding-linux-s390x-gnu
444 silly ADD node_modules/@rolldown/binding-linux-ppc64-gnu
445 silly ADD node_modules/@rolldown/binding-linux-arm64-musl
446 silly ADD node_modules/@rolldown/binding-linux-arm64-gnu
447 silly ADD node_modules/@rolldown/binding-linux-arm-gnueabihf
448 silly ADD node_modules/@rolldown/binding-freebsd-x64
449 silly ADD node_modules/@rolldown/binding-darwin-x64
450 silly ADD node_modules/@rolldown/binding-darwin-arm64
451 silly ADD node_modules/@rolldown/binding-android-arm64
452 silly ADD node_modules/@oxc-project/types
453 silly ADD node_modules/source-map-js
454 silly ADD node_modules/picocolors
455 silly ADD node_modules/nanoid
456 silly ADD node_modules/lightningcss-win32-x64-msvc
457 silly ADD node_modules/lightningcss-win32-arm64-msvc
458 silly ADD node_modules/lightningcss-linux-x64-musl
459 silly ADD node_modules/lightningcss-linux-x64-gnu
460 silly ADD node_modules/lightningcss-linux-arm64-musl
461 silly ADD node_modules/lightningcss-linux-arm64-gnu
462 silly ADD node_modules/lightningcss-linux-arm-gnueabihf
463 silly ADD node_modules/lightningcss-freebsd-x64
464 silly ADD node_modules/lightningcss-darwin-x64
465 silly ADD node_modules/lightningcss-darwin-arm64
466 silly ADD node_modules/lightningcss-android-arm64
467 silly ADD node_modules/detect-libc
468 silly ADD node_modules/tinyglobby
469 silly ADD node_modules/rolldown
470 silly ADD node_modules/postcss
471 silly ADD node_modules/picomatch
472 silly ADD node_modules/lightningcss
473 silly ADD node_modules/fsevents
474 silly ADD node_modules/vite
475 verbose cwd D:\zero-to-tech
476 verbose os Windows_NT 10.0.26200
477 verbose node v24.7.0
478 verbose npm  v11.5.1
479 verbose exit 0
480 info ok
