0 verbose cli D:\node\node.exe D:\node\node_modules\npm\bin\npm-cli.js
1 info using npm@11.5.1
2 info using node@v24.7.0
3 silly config load:file:D:\node\node_modules\npm\npmrc
4 silly config load:file:D:\zero-to-tech\.npmrc
5 silly config load:file:C:\Users\11583\.npmrc
6 silly config load:file:C:\Users\11583\AppData\Roaming\npm\etc\npmrc
7 verbose title npm init
8 verbose argv "init" "--yes"
9 verbose logfile logs-max:10 dir:D:\zero-to-tech\npm-cache\_logs\2026-06-21T12_54_14_779Z-
10 verbose logfile D:\zero-to-tech\npm-cache\_logs\2026-06-21T12_54_14_779Z-debug-0.log
11 silly logfile done cleaning log files
12 silly package data {
12 silly package data   name: 'zero-to-tech',
12 silly package data   version: '1.0.0',
12 silly package data   description: '> 这是 **零到全栈 · 模块 4.1：现代前端第一步——模块化** 的配套代码——\r > 网站**模块化改造之前**的起点版本。',
12 silly package data   main: 'index.js',
12 silly package data   scripts: { test: 'echo "Error: no test specified" && exit 1' },
12 silly package data   repository: {
12 silly package data     type: 'git',
12 silly package data     url: 'git+https://github.com/forget-her/zero-to-tech.git'
12 silly package data   },
12 silly package data   keywords: [],
12 silly package data   author: '',
12 silly package data   license: 'ISC',
12 silly package data   type: 'commonjs',
12 silly package data   bugs: { url: 'https://github.com/forget-her/zero-to-tech/issues' },
12 silly package data   homepage: 'https://github.com/forget-her/zero-to-tech#readme'
12 silly package data }
13 verbose cwd D:\zero-to-tech
14 verbose os Windows_NT 10.0.26200
15 verbose node v24.7.0
16 verbose npm  v11.5.1
17 verbose exit 0
18 info ok
