0 verbose cli D:\node\node.exe D:\node\node_modules\npm\bin\npm-cli.js
1 info using npm@11.5.1
2 info using node@v24.7.0
3 silly config load:file:D:\node\node_modules\npm\npmrc
4 silly config load:file:d:\zero-to-tech\.npmrc
5 silly config load:file:C:\Users\11583\.npmrc
6 silly config load:file:C:\Users\11583\AppData\Roaming\npm\etc\npmrc
7 verbose title npm view @vitejs/plugin-react description dist-tags.latest homepage version time
8 verbose argv "view" "--json" "--" "@vitejs/plugin-react" "description" "dist-tags.latest" "homepage" "version" "time"
9 verbose logfile logs-max:10 dir:D:\zero-to-tech\npm-cache\_logs\2026-06-22T14_22_49_949Z-
10 verbose logfile D:\zero-to-tech\npm-cache\_logs\2026-06-22T14_22_49_949Z-debug-0.log
11 silly logfile start cleaning logs, removing 1 files
12 silly logfile done cleaning log files
13 http fetch GET 200 https://registry.npmjs.org/@vitejs%2fplugin-react 1422ms (cache revalidated)
14 verbose cwd d:\zero-to-tech
15 verbose os Windows_NT 10.0.26200
16 verbose node v24.7.0
17 verbose npm  v11.5.1
18 verbose exit 0
19 info ok
