0 verbose cli D:\node\node.exe D:\node\node_modules\npm\bin\npm-cli.js
1 info using npm@11.5.1
2 info using node@v24.7.0
3 silly config load:file:D:\node\node_modules\npm\npmrc
4 silly config load:file:D:\zero-to-tech\.npmrc
5 silly config load:file:C:\Users\11583\.npmrc
6 silly config load:file:C:\Users\11583\AppData\Roaming\npm\etc\npmrc
7 verbose title npm install animejs
8 verbose argv "install" "animejs"
9 verbose logfile logs-max:10 dir:D:\zero-to-tech\npm-cache\_logs\2026-06-21T13_19_23_234Z-
10 verbose logfile D:\zero-to-tech\npm-cache\_logs\2026-06-21T13_19_23_234Z-debug-0.log
11 silly logfile done cleaning log files
12 silly packumentCache heap:2348810240 maxSize:587202560 maxEntrySize:293601280
13 silly idealTree buildDeps
14 silly fetch manifest animejs@*
15 silly packumentCache full:https://registry.npmjs.org/animejs cache-miss
16 verbose shrinkwrap failed to load node_modules/.package-lock.json out of date, updated: node_modules
17 http fetch GET 200 https://registry.npmjs.org/animejs 1375ms (cache miss)
18 silly packumentCache full:https://registry.npmjs.org/animejs set size:undefined disposed:false
19 silly placeDep ROOT animejs@4.4.1 OK for: zero-to-tech@1.0.0 want: *
20 silly reify mark retired [ 'D:\\zero-to-tech\\node_modules\\lightningcss' ]
21 silly reify mark retired [ 'D:\\zero-to-tech\\node_modules\\fdir' ]
22 silly reify mark retired [ 'D:\\zero-to-tech\\node_modules\\detect-libc' ]
23 silly reify mark retired [ 'D:\\zero-to-tech\\node_modules\\lightningcss-win32-x64-msvc' ]
24 silly reify mark retired [ 'D:\\zero-to-tech\\node_modules\\picomatch' ]
25 silly reify mark retired [
25 silly reify   'D:\\zero-to-tech\\node_modules\\rolldown',
25 silly reify   'D:\\zero-to-tech\\node_modules\\.bin\\rolldown',
25 silly reify   'D:\\zero-to-tech\\node_modules\\.bin\\rolldown.cmd',
25 silly reify   'D:\\zero-to-tech\\node_modules\\.bin\\rolldown.ps1'
25 silly reify ]
26 silly reify mark retired [ 'D:\\zero-to-tech\\node_modules\\postcss' ]
27 silly reify mark retired [
27 silly reify   'D:\\zero-to-tech\\node_modules\\nanoid',
27 silly reify   'D:\\zero-to-tech\\node_modules\\.bin\\nanoid',
27 silly reify   'D:\\zero-to-tech\\node_modules\\.bin\\nanoid.cmd',
27 silly reify   'D:\\zero-to-tech\\node_modules\\.bin\\nanoid.ps1'
27 silly reify ]
28 silly reify mark retired [ 'D:\\zero-to-tech\\node_modules\\tinyglobby' ]
29 silly reify mark retired [ 'D:\\zero-to-tech\\node_modules\\picocolors' ]
30 silly reify mark retired [
30 silly reify   'D:\\zero-to-tech\\node_modules\\vite',
30 silly reify   'D:\\zero-to-tech\\node_modules\\.bin\\vite',
30 silly reify   'D:\\zero-to-tech\\node_modules\\.bin\\vite.cmd',
30 silly reify   'D:\\zero-to-tech\\node_modules\\.bin\\vite.ps1'
30 silly reify ]
31 silly reify mark retired [ 'D:\\zero-to-tech\\node_modules\\@oxc-project\\types' ]
32 silly reify mark retired [ 'D:\\zero-to-tech\\node_modules\\source-map-js' ]
33 silly reify mark retired [ 'D:\\zero-to-tech\\node_modules\\@rolldown\\binding-win32-x64-msvc' ]
34 silly reify mark retired [ 'D:\\zero-to-tech\\node_modules\\@rolldown\\pluginutils' ]
35 silly reify moves {
35 silly reify   'D:\\zero-to-tech\\node_modules\\lightningcss': 'D:\\zero-to-tech\\node_modules\\.lightningcss-nLC1MBET',
35 silly reify   'D:\\zero-to-tech\\node_modules\\fdir': 'D:\\zero-to-tech\\node_modules\\.fdir-Brf9VpjE',
35 silly reify   'D:\\zero-to-tech\\node_modules\\detect-libc': 'D:\\zero-to-tech\\node_modules\\.detect-libc-tVgVEcXu',
35 silly reify   'D:\\zero-to-tech\\node_modules\\lightningcss-win32-x64-msvc': 'D:\\zero-to-tech\\node_modules\\.lightningcss-win32-x64-msvc-mNhAd7U2',
35 silly reify   'D:\\zero-to-tech\\node_modules\\picomatch': 'D:\\zero-to-tech\\node_modules\\.picomatch-5ElkWIAz',
35 silly reify   'D:\\zero-to-tech\\node_modules\\rolldown': 'D:\\zero-to-tech\\node_modules\\.rolldown-O11kSJee',
35 silly reify   'D:\\zero-to-tech\\node_modules\\.bin\\rolldown': 'D:\\zero-to-tech\\node_modules\\.bin\\.rolldown-rAY9JXOf',
35 silly reify   'D:\\zero-to-tech\\node_modules\\.bin\\rolldown.cmd': 'D:\\zero-to-tech\\node_modules\\.bin\\.rolldown.cmd-P3bC3ezK',
35 silly reify   'D:\\zero-to-tech\\node_modules\\.bin\\rolldown.ps1': 'D:\\zero-to-tech\\node_modules\\.bin\\.rolldown.ps1-EzTN2Vcz',
35 silly reify   'D:\\zero-to-tech\\node_modules\\postcss': 'D:\\zero-to-tech\\node_modules\\.postcss-AiiUnEQc',
35 silly reify   'D:\\zero-to-tech\\node_modules\\nanoid': 'D:\\zero-to-tech\\node_modules\\.nanoid-EZVWmrzJ',
35 silly reify   'D:\\zero-to-tech\\node_modules\\.bin\\nanoid': 'D:\\zero-to-tech\\node_modules\\.bin\\.nanoid-6znlHZV7',
35 silly reify   'D:\\zero-to-tech\\node_modules\\.bin\\nanoid.cmd': 'D:\\zero-to-tech\\node_modules\\.bin\\.nanoid.cmd-v9oPGldq',
35 silly reify   'D:\\zero-to-tech\\node_modules\\.bin\\nanoid.ps1': 'D:\\zero-to-tech\\node_modules\\.bin\\.nanoid.ps1-04pI7jjs',
35 silly reify   'D:\\zero-to-tech\\node_modules\\tinyglobby': 'D:\\zero-to-tech\\node_modules\\.tinyglobby-l2bpSgrY',
35 silly reify   'D:\\zero-to-tech\\node_modules\\picocolors': 'D:\\zero-to-tech\\node_modules\\.picocolors-vb1hLP2F',
35 silly reify   'D:\\zero-to-tech\\node_modules\\vite': 'D:\\zero-to-tech\\node_modules\\.vite-zwMCiVIW',
35 silly reify   'D:\\zero-to-tech\\node_modules\\.bin\\vite': 'D:\\zero-to-tech\\node_modules\\.bin\\.vite-7b1JPyyz',
35 silly reify   'D:\\zero-to-tech\\node_modules\\.bin\\vite.cmd': 'D:\\zero-to-tech\\node_modules\\.bin\\.vite.cmd-48lyhLrK',
35 silly reify   'D:\\zero-to-tech\\node_modules\\.bin\\vite.ps1': 'D:\\zero-to-tech\\node_modules\\.bin\\.vite.ps1-vOdsMpVw',
35 silly reify   'D:\\zero-to-tech\\node_modules\\@oxc-project\\types': 'D:\\zero-to-tech\\node_modules\\@oxc-project\\.types-bh5xmd3Y',
35 silly reify   'D:\\zero-to-tech\\node_modules\\source-map-js': 'D:\\zero-to-tech\\node_modules\\.source-map-js-VBNGB3Kt',
35 silly reify   'D:\\zero-to-tech\\node_modules\\@rolldown\\binding-win32-x64-msvc': 'D:\\zero-to-tech\\node_modules\\@rolldown\\.binding-win32-x64-msvc-5aj4Su9v',
35 silly reify   'D:\\zero-to-tech\\node_modules\\@rolldown\\pluginutils': 'D:\\zero-to-tech\\node_modules\\@rolldown\\.pluginutils-6IECwZlK'
35 silly reify }
36 silly audit bulk request { animejs: [ '4.4.1' ] }
37 http cache animejs@https://registry.npmjs.org/animejs/-/animejs-4.4.1.tgz 0ms (cache hit)
38 silly tarball no local data for animejs@https://registry.npmjs.org/animejs/-/animejs-4.4.1.tgz. Extracting by manifest.
39 http fetch POST 200 https://registry.npmjs.org/-/npm/v1/security/advisories/bulk 478ms
40 silly audit report {}
41 http fetch GET 200 https://registry.npmjs.org/animejs/-/animejs-4.4.1.tgz 3822ms (cache miss)
42 silly ADD node_modules/animejs
43 silly REMOVE node_modules/@rolldown/pluginutils
44 silly REMOVE node_modules/@rolldown/binding-win32-x64-msvc
45 silly REMOVE node_modules/source-map-js
46 silly REMOVE node_modules/@oxc-project/types
47 silly REMOVE node_modules/vite
48 silly REMOVE node_modules/picocolors
49 silly REMOVE node_modules/tinyglobby
50 silly REMOVE node_modules/nanoid
51 silly REMOVE node_modules/postcss
52 silly REMOVE node_modules/rolldown
53 silly REMOVE node_modules/picomatch
54 silly REMOVE node_modules/lightningcss-win32-x64-msvc
55 silly REMOVE node_modules/detect-libc
56 silly REMOVE node_modules/fdir
57 silly REMOVE node_modules/lightningcss
58 verbose cwd D:\zero-to-tech
59 verbose os Windows_NT 10.0.26200
60 verbose node v24.7.0
61 verbose npm  v11.5.1
62 verbose exit 0
63 info ok
